<?xml version="1.0" encoding="utf-8"?><testsuites name="pytest tests"><testsuite name="pytest" errors="0" failures="0" skipped="0" tests="30" time="2.464" timestamp="2026-04-24T12:22:23.683973+00:00" hostname="agent-env-ebc384fb-7cd7-4580-87f1-77bb6fb1b2cd"><testcase classname="backend.tests.test_iter4.TestVisitor" name="test_create_visitor" time="0.236" /><testcase classname="backend.tests.test_iter4.TestVisitor" name="test_duplicate_visitor_rejected" time="0.054" /><testcase classname="backend.tests.test_iter4.TestVisitor" name="test_admin_list_guests" time="0.385" /><testcase classname="backend.tests.test_iter4.TestVisitor" name="test_admin_filter_status_new" time="0.050" /><testcase classname="backend.tests.test_iter4.TestVisitor" name="test_admin_search_q" time="0.049" /><testcase classname="backend.tests.test_iter4.TestVisitor" name="test_admin_patch_status_and_notes" time="0.111" /><testcase classname="backend.tests.test_iter4.TestVisitor" name="test_badge_endpoint" time="0.068" /><testcase classname="backend.tests.test_iter4.TestVisitor" name="test_zz_delete" time="0.051" /><testcase classname="backend.tests.test_iter4.TestExhibitor" name="test_create_exhibitor" time="0.059" /><testcase classname="backend.tests.test_iter4.TestExhibitor" name="test_duplicate_exhibitor_rejected" time="0.053" /><testcase classname="backend.tests.test_iter4.TestExhibitor" name="test_admin_list_exhibitors" time="0.049" /><testcase classname="backend.tests.test_iter4.TestExhibitor" name="test_admin_exhibitor_search" time="0.052" /><testcase classname="backend.tests.test_iter4.TestExhibitor" name="test_admin_patch_exhibitor" time="0.101" /><testcase classname="backend.tests.test_iter4.TestExhibitor" name="test_zz_delete" time="0.048" /><testcase classname="backend.tests.test_iter4.TestSpeakerApplications" name="test_create_speaker_apps_all_types[konusmaci-extra0]" time="0.057" /><testcase classname="backend.tests.test_iter4.TestSpeakerApplications" name="test_create_speaker_apps_all_types[panelist-extra1]" time="0.057" /><testcase classname="backend.tests.test_iter4.TestSpeakerApplications" name="test_create_speaker_apps_all_types[sponsor-extra2]" time="0.060" /><testcase classname="backend.tests.test_iter4.TestSpeakerApplications" name="test_duplicate_same_type_rejected" time="0.053" /><testcase classname="backend.tests.test_iter4.TestSpeakerApplications" name="test_admin_list_all" time="0.047" /><testcase classname="backend.tests.test_iter4.TestSpeakerApplications" name="test_filter_by_application_type" time="0.047" /><testcase classname="backend.tests.test_iter4.TestSpeakerApplications" name="test_filter_status_and_search" time="0.049" /><testcase classname="backend.tests.test_iter4.TestSpeakerApplications" name="test_patch_status" time="0.100" /><testcase classname="backend.tests.test_iter4.TestSpeakerApplications" name="test_zz_delete_all" time="0.164" /><testcase classname="backend.tests.test_iter4" name="test_admin_dashboard_has_new_stats" time="0.052" /><testcase classname="backend.tests.test_iter4" name="test_email_broadcast_accepts_recipient_types[members]" time="0.051" /><testcase classname="backend.tests.test_iter4" name="test_email_broadcast_accepts_recipient_types[guests]" time="0.048" /><testcase classname="backend.tests.test_iter4" name="test_email_broadcast_accepts_recipient_types[exhibitors]" time="0.056" /><testcase classname="backend.tests.test_iter4" name="test_email_broadcast_accepts_recipient_types[speaker_applications]" time="0.047" /><testcase classname="backend.tests.test_iter4" name="test_email_broadcast_invalid_type" time="0.047" /><testcase classname="backend.tests.test_iter4" name="test_auth_me_requires_cookie" time="0.050" /></testsuite></testsuites>