<?xml version="1.0" encoding="utf-8"?><testsuites name="pytest tests"><testsuite name="pytest" errors="0" failures="0" skipped="0" tests="22" time="2.442" timestamp="2026-04-24T11:41:57.780196+00:00" hostname="agent-env-ebc384fb-7cd7-4580-87f1-77bb6fb1b2cd"><testcase classname="backend.tests.test_api" name="test_get_speakers" time="0.237" /><testcase classname="backend.tests.test_api" name="test_get_program" time="0.056" /><testcase classname="backend.tests.test_api" name="test_get_events" time="0.056" /><testcase classname="backend.tests.test_api" name="test_get_blog" time="0.052" /><testcase classname="backend.tests.test_api" name="test_get_banners" time="0.060" /><testcase classname="backend.tests.test_api" name="test_get_sponsors" time="0.060" /><testcase classname="backend.tests.test_api" name="test_register_member" time="0.055" /><testcase classname="backend.tests.test_api" name="test_register_member_duplicate" time="0.056" /><testcase classname="backend.tests.test_api" name="test_register_guest" time="0.058" /><testcase classname="backend.tests.test_api" name="test_badge_generation" time="0.070" /><testcase classname="backend.tests.test_api" name="test_badge_xss_escape" time="0.127" /><testcase classname="backend.tests.test_api" name="test_admin_login" time="0.293" /><testcase classname="backend.tests.test_api" name="test_admin_login_wrong_password" time="0.277" /><testcase classname="backend.tests.test_api" name="test_admin_dashboard" time="0.427" /><testcase classname="backend.tests.test_api" name="test_admin_members_list" time="0.050" /><testcase classname="backend.tests.test_api" name="test_admin_guests_list" time="0.054" /><testcase classname="backend.tests.test_api" name="test_admin_bulk_email_no_sendgrid" time="0.055" /><testcase classname="backend.tests.test_api" name="test_admin_speakers_get" time="0.059" /><testcase classname="backend.tests.test_api" name="test_admin_blog_list" time="0.053" /><testcase classname="backend.tests.test_api" name="test_admin_banners_list" time="0.051" /><testcase classname="backend.tests.test_api" name="test_admin_events_list" time="0.049" /><testcase classname="backend.tests.test_api" name="test_unauthenticated_admin_endpoint" time="0.113" /></testsuite></testsuites>