<?xml version="1.0" encoding="utf-8"?><testsuites name="pytest tests"><testsuite name="pytest" errors="0" failures="0" skipped="0" tests="29" time="9.426" timestamp="2026-05-23T22:39:37.600602+00:00" hostname="agent-env-f47614ed-e55a-43c6-82a5-4d16c9642420"><testcase classname="backend.tests.test_iter7_regression.TestSEO" name="test_robots_txt" time="0.248" /><testcase classname="backend.tests.test_iter7_regression.TestSEO" name="test_sitemap_xml" time="0.113" /><testcase classname="backend.tests.test_iter7_regression.TestAuth" name="test_login_bad_password" time="0.332" /><testcase classname="backend.tests.test_iter7_regression.TestAuth" name="test_login_me_refresh_logout" time="0.473" /><testcase classname="backend.tests.test_iter7_regression.TestAuth" name="test_me_unauthenticated" time="0.105" /><testcase classname="backend.tests.test_iter7_regression" name="test_public_content_endpoint_200[/api/events]" time="0.116" /><testcase classname="backend.tests.test_iter7_regression" name="test_public_content_endpoint_200[/api/gallery]" time="0.124" /><testcase classname="backend.tests.test_iter7_regression" name="test_public_content_endpoint_200[/api/speakers]" time="0.108" /><testcase classname="backend.tests.test_iter7_regression" name="test_public_content_endpoint_200[/api/sponsors]" time="0.121" /><testcase classname="backend.tests.test_iter7_regression" name="test_public_content_endpoint_200[/api/blog]" time="0.099" /><testcase classname="backend.tests.test_iter7_regression" name="test_public_content_endpoint_200[/api/program]" time="0.103" /><testcase classname="backend.tests.test_iter7_regression" name="test_public_content_endpoint_200[/api/banners]" time="0.103" /><testcase classname="backend.tests.test_iter7_regression" name="test_public_content_endpoint_200[/api/family/settings]" time="0.114" /><testcase classname="backend.tests.test_iter7_regression" name="test_public_content_endpoint_200[/api/academy/courses]" time="0.108" /><testcase classname="backend.tests.test_iter7_regression" name="test_public_content_endpoint_200[/api/academy/categories]" time="0.129" /><testcase classname="backend.tests.test_iter7_regression" name="test_public_content_endpoint_200[/api/seminar/settings]" time="0.111" /><testcase classname="backend.tests.test_iter7_regression" name="test_public_content_endpoint_200[/api/register/capacity]" time="0.105" /><testcase classname="backend.tests.test_iter7_regression" name="test_capacity_shape" time="0.130" /><testcase classname="backend.tests.test_iter7_regression" name="test_validate_code_invalid" time="0.115" /><testcase classname="backend.tests.test_iter7_regression.TestRegistrationSeminar" name="test_register_guest_seminar_no_invite" time="1.304" /><testcase classname="backend.tests.test_iter7_regression.TestRegistrationSeminar" name="test_register_guest_fair_no_invite" time="1.305" /><testcase classname="backend.tests.test_iter7_regression.TestRegistrationSeminar" name="test_register_guest_summit_missing_invite_fails" time="0.131" /><testcase classname="backend.tests.test_iter7_regression.TestBadge" name="test_badge_png" time="0.165" /><testcase classname="backend.tests.test_iter7_regression.TestAdminGuests" name="test_filter_seminar_only" time="0.373" /><testcase classname="backend.tests.test_iter7_regression.TestAdminGuests" name="test_filter_fair_only" time="0.053" /><testcase classname="backend.tests.test_iter7_regression.TestAdminGuests" name="test_filter_summit_excludes_seminar" time="0.049" /><testcase classname="backend.tests.test_iter7_regression.TestAdminBulk" name="test_bulk_resend_and_reminder" time="2.492" /><testcase classname="backend.tests.test_iter7_regression.TestExhibitorAndSpeaker" name="test_exhibitor_register" time="0.127" /><testcase classname="backend.tests.test_iter7_regression.TestExhibitorAndSpeaker" name="test_speaker_application" time="0.493" /></testsuite></testsuites>