<?xml version="1.0" encoding="utf-8"?><testsuites name="pytest tests"><testsuite name="pytest" errors="0" failures="0" skipped="0" tests="17" time="3.224" timestamp="2026-04-30T22:39:11.120213+00:00" hostname="agent-env-ebc384fb-7cd7-4580-87f1-77bb6fb1b2cd"><testcase classname="backend.tests.test_api_keys.TestAdminAuth" name="test_login_sets_cookie" time="0.474" /><testcase classname="backend.tests.test_api_keys.TestAdminAuth" name="test_me_endpoint" time="0.066" /><testcase classname="backend.tests.test_api_keys.TestApiKeysCrud" name="test_create_fair_key" time="0.055" /><testcase classname="backend.tests.test_api_keys.TestApiKeysCrud" name="test_create_both_key" time="0.067" /><testcase classname="backend.tests.test_api_keys.TestApiKeysCrud" name="test_create_label_too_short" time="0.055" /><testcase classname="backend.tests.test_api_keys.TestApiKeysCrud" name="test_list_api_keys" time="0.054" /><testcase classname="backend.tests.test_api_keys.TestApiKeysCrud" name="test_toggle_active_persists" time="0.252" /><testcase classname="backend.tests.test_api_keys.TestExternalCheckin" name="test_invalid_api_key" time="0.125" /><testcase classname="backend.tests.test_api_keys.TestExternalCheckin" name="test_missing_api_key" time="0.126" /><testcase classname="backend.tests.test_api_keys.TestExternalCheckin" name="test_inactive_key_rejected" time="0.296" /><testcase classname="backend.tests.test_api_keys.TestExternalCheckin" name="test_validate_only_does_not_mark" time="0.233" /><testcase classname="backend.tests.test_api_keys.TestExternalCheckin" name="test_fair_key_rejects_summit_guest" time="0.141" /><testcase classname="backend.tests.test_api_keys.TestExternalCheckin" name="test_first_scan_approved_then_already_checked_in" time="0.290" /><testcase classname="backend.tests.test_api_keys.TestExternalGuests" name="test_fair_key_returns_only_fair" time="0.112" /><testcase classname="backend.tests.test_api_keys.TestExternalGuests" name="test_fair_key_cannot_query_summit" time="0.107" /><testcase classname="backend.tests.test_api_keys.TestExternalGuests" name="test_both_key_returns_both" time="0.110" /><testcase classname="backend.tests.test_api_keys.TestDeleteApiKey" name="test_delete_key" time="0.393" /></testsuite></testsuites>