<?xml version="1.0" encoding="utf-8"?><testsuites name="pytest tests"><testsuite name="pytest" errors="0" failures="0" skipped="0" tests="22" time="2.274" timestamp="2026-04-24T11:19:15.221010+00:00" hostname="agent-env-ebc384fb-7cd7-4580-87f1-77bb6fb1b2cd"><testcase classname="backend.tests.test_api" name="test_get_speakers" time="0.175" /><testcase classname="backend.tests.test_api" name="test_get_program" time="0.051" /><testcase classname="backend.tests.test_api" name="test_get_events" time="0.049" /><testcase classname="backend.tests.test_api" name="test_get_blog" time="0.051" /><testcase classname="backend.tests.test_api" name="test_get_banners" time="0.047" /><testcase classname="backend.tests.test_api" name="test_get_sponsors" time="0.047" /><testcase classname="backend.tests.test_api" name="test_register_member" time="0.056" /><testcase classname="backend.tests.test_api" name="test_register_member_duplicate" time="0.047" /><testcase classname="backend.tests.test_api" name="test_register_guest" time="0.049" /><testcase classname="backend.tests.test_api" name="test_badge_generation" time="0.059" /><testcase classname="backend.tests.test_api" name="test_badge_xss_escape" time="0.101" /><testcase classname="backend.tests.test_api" name="test_admin_login" time="0.271" /><testcase classname="backend.tests.test_api" name="test_admin_login_wrong_password" time="0.283" /><testcase classname="backend.tests.test_api" name="test_admin_dashboard" time="0.385" /><testcase classname="backend.tests.test_api" name="test_admin_members_list" time="0.050" /><testcase classname="backend.tests.test_api" name="test_admin_guests_list" time="0.052" /><testcase classname="backend.tests.test_api" name="test_admin_bulk_email_no_sendgrid" time="0.053" /><testcase classname="backend.tests.test_api" name="test_admin_speakers_get" time="0.051" /><testcase classname="backend.tests.test_api" name="test_admin_blog_list" time="0.051" /><testcase classname="backend.tests.test_api" name="test_admin_banners_list" time="0.052" /><testcase classname="backend.tests.test_api" name="test_admin_events_list" time="0.053" /><testcase classname="backend.tests.test_api" name="test_unauthenticated_admin_endpoint" time="0.148" /></testsuite></testsuites>