<?xml version="1.0" encoding="utf-8"?><testsuites name="pytest tests"><testsuite name="pytest" errors="0" failures="1" skipped="0" tests="20" time="2.345" timestamp="2026-04-24T10:52:14.827542+00:00" hostname="agent-env-ebc384fb-7cd7-4580-87f1-77bb6fb1b2cd"><testcase classname="backend.tests.test_api" name="test_get_speakers" time="0.228" /><testcase classname="backend.tests.test_api" name="test_get_program" time="0.050" /><testcase classname="backend.tests.test_api" name="test_get_events" time="0.048" /><testcase classname="backend.tests.test_api" name="test_get_blog" time="0.049" /><testcase classname="backend.tests.test_api" name="test_get_banners" time="0.049" /><testcase classname="backend.tests.test_api" name="test_get_sponsors" time="0.051" /><testcase classname="backend.tests.test_api" name="test_register_member" time="0.067" /><testcase classname="backend.tests.test_api" name="test_register_member_duplicate" time="0.048" /><testcase classname="backend.tests.test_api" name="test_register_guest" time="0.049" /><testcase classname="backend.tests.test_api" name="test_badge_generation" time="0.097" /><testcase classname="backend.tests.test_api" name="test_admin_login" time="0.281" /><testcase classname="backend.tests.test_api" name="test_admin_login_wrong_password" time="0.269" /><testcase classname="backend.tests.test_api" name="test_admin_dashboard" time="0.429" /><testcase classname="backend.tests.test_api" name="test_admin_members_list" time="0.048" /><testcase classname="backend.tests.test_api" name="test_admin_guests_list" time="0.046" /><testcase classname="backend.tests.test_api" name="test_admin_speakers_get" time="0.050" /><testcase classname="backend.tests.test_api" name="test_admin_blog_list" time="0.046" /><testcase classname="backend.tests.test_api" name="test_admin_banners_list" time="0.046" /><testcase classname="backend.tests.test_api" name="test_admin_events_list" time="0.096" /><testcase classname="backend.tests.test_api" name="test_unauthenticated_admin_endpoint" time="0.051"><failure message="assert 200 == 401&#10; +  where 200 = &lt;Response [200]&gt;.status_code">backend/tests/test_api.py:144: in test_unauthenticated_admin_endpoint
    assert r.status_code == 401
E   assert 200 == 401
E    +  where 200 = &lt;Response [200]&gt;.status_code</failure></testcase></testsuite></testsuites>